<?xml version="1.0" encoding="UTF-8"?>
<testng-results ignored="0" total="1" passed="1" failed="0" skipped="0">
  <reporter-output>
  </reporter-output>
  <suite started-at="2023-01-18T14:48:48 IST" name="Default suite" finished-at="2023-01-18T14:48:50 IST" duration-ms="1867">
    <groups>
    </groups>
    <test started-at="2023-01-18T14:48:48 IST" name="Default test" finished-at="2023-01-18T14:48:50 IST" duration-ms="1867">
      <class name="Practice_Maven.DataPage">
        <test-method signature="connecttoDB()[pri:0, instance:Practice_Maven.DataPage@6a84a97d]" started-at="2023-01-18T14:48:48 IST" name="connecttoDB" finished-at="2023-01-18T14:48:50 IST" duration-ms="1823" status="PASS">
          <reporter-output>
          </reporter-output>
        </test-method> <!-- connecttoDB -->
      </class> <!-- Practice_Maven.DataPage -->
    </test> <!-- Default test -->
  </suite> <!-- Default suite -->
</testng-results>
